  [1m[35mSQL (0.6ms)[0m  [1m[35mSET search_path TO public /*application='NoteApp'*/[0m
  [1m[35m (223.5ms)[0m  [1m[35mCREATE DATABASE "note_app_development" ENCODING = 'unicode' /*application='NoteApp'*/[0m
  [1m[35m (2.3ms)[0m  [1m[34mSELECT pg_try_advisory_lock(3200009204214348750) /*application='NoteApp'*/[0m
  [1m[36mActiveRecord::SchemaMigration Load (7.7ms)[0m  [1m[34mSELECT "schema_migrations"."version" FROM "schema_migrations" ORDER BY "schema_migrations"."version" ASC /*application='NoteApp'*/[0m
  [1m[36mActiveRecord::InternalMetadata Load (9.3ms)[0m  [1m[34mSELECT * FROM "ar_internal_metadata" WHERE "ar_internal_metadata"."key" = 'environment' ORDER BY "ar_internal_metadata"."key" ASC LIMIT 1 /*application='NoteApp'*/[0m
Migrating to CreateNotes (20250305073712)
  [1m[36mTRANSACTION (0.8ms)[0m  [1m[35mBEGIN /*application='NoteApp'*/[0m
  [1m[35m (37.9ms)[0m  [1m[35mCREATE TABLE "notes" ("id" bigserial primary key, "title" character varying, "content" text, "created_at" timestamp(6) NOT NULL, "updated_at" timestamp(6) NOT NULL) /*application='NoteApp'*/[0m
  [1m[36mTRANSACTION (0.2ms)[0m  [1m[31mROLLBACK /*application='NoteApp'*/[0m
  [1m[35m (0.4ms)[0m  [1m[34mSELECT pg_advisory_unlock(3200009204214348750) /*application='NoteApp'*/[0m
  [1m[36mActiveRecord::SchemaMigration Load (2.8ms)[0m  [1m[34mSELECT "schema_migrations"."version" FROM "schema_migrations" ORDER BY "schema_migrations"."version" ASC /*application='NoteApp'*/[0m
  [1m[35mSQL (0.4ms)[0m  [1m[35mSET search_path TO public /*application='NoteApp'*/[0m
  [1m[35m (581.6ms)[0m  [1m[35mCREATE DATABASE "notess_app_development" ENCODING = 'unicode' /*application='NoteApp'*/[0m
  [1m[35m (32.1ms)[0m  [1m[35mCREATE TABLE "schema_migrations" ("version" character varying NOT NULL PRIMARY KEY) /*application='NoteApp'*/[0m
  [1m[35m (5.5ms)[0m  [1m[35mCREATE TABLE "ar_internal_metadata" ("key" character varying NOT NULL PRIMARY KEY, "value" character varying, "created_at" timestamp(6) NOT NULL, "updated_at" timestamp(6) NOT NULL) /*application='NoteApp'*/[0m
  [1m[35m (1.3ms)[0m  [1m[34mSELECT pg_try_advisory_lock(6848868280272088350) /*application='NoteApp'*/[0m
  [1m[36mActiveRecord::SchemaMigration Load (1.3ms)[0m  [1m[34mSELECT "schema_migrations"."version" FROM "schema_migrations" ORDER BY "schema_migrations"."version" ASC /*application='NoteApp'*/[0m
  [1m[36mActiveRecord::InternalMetadata Load (1.6ms)[0m  [1m[34mSELECT * FROM "ar_internal_metadata" WHERE "ar_internal_metadata"."key" = 'environment' ORDER BY "ar_internal_metadata"."key" ASC LIMIT 1 /*application='NoteApp'*/[0m
  [1m[36mActiveRecord::InternalMetadata Create (8.2ms)[0m  [1m[32mINSERT INTO "ar_internal_metadata" ("key", "value", "created_at", "updated_at") VALUES ('environment', 'development', '2025-03-05 07:44:37.934576', '2025-03-05 07:44:37.934580') RETURNING "key" /*application='NoteApp'*/[0m
Migrating to CreateNotes (20250305074351)
  [1m[36mTRANSACTION (0.8ms)[0m  [1m[35mBEGIN /*application='NoteApp'*/[0m
  [1m[35m (16.8ms)[0m  [1m[35mCREATE TABLE "notes" ("id" bigserial primary key, "title" character varying, "content" text, "created_at" timestamp(6) NOT NULL, "updated_at" timestamp(6) NOT NULL) /*application='NoteApp'*/[0m
  [1m[36mActiveRecord::SchemaMigration Create (0.8ms)[0m  [1m[32mINSERT INTO "schema_migrations" ("version") VALUES ('20250305074351') RETURNING "version" /*application='NoteApp'*/[0m
  [1m[36mTRANSACTION (0.5ms)[0m  [1m[35mCOMMIT /*application='NoteApp'*/[0m
  [1m[35m (0.5ms)[0m  [1m[34mSELECT pg_advisory_unlock(6848868280272088350) /*application='NoteApp'*/[0m
  [1m[36mActiveRecord::SchemaMigration Load (0.7ms)[0m  [1m[34mSELECT "schema_migrations"."version" FROM "schema_migrations" ORDER BY "schema_migrations"."version" ASC /*application='NoteApp'*/[0m
Started GET "/" for 127.0.0.1 at 2025-03-05 13:16:36 +0530
  [1m[36mActiveRecord::SchemaMigration Load (2.6ms)[0m  [1m[34mSELECT "schema_migrations"."version" FROM "schema_migrations" ORDER BY "schema_migrations"."version" ASC /*application='NoteApp'*/[0m
Processing by Rails::WelcomeController#index as HTML
  Rendering D:/Rubys/Ruby33-x64/lib/ruby/gems/3.3.0/gems/railties-8.0.1/lib/rails/templates/rails/welcome/index.html.erb
  Rendered D:/Rubys/Ruby33-x64/lib/ruby/gems/3.3.0/gems/railties-8.0.1/lib/rails/templates/rails/welcome/index.html.erb (Duration: 1.6ms | GC: 0.0ms)
Completed 200 OK in 1186ms (Views: 28.1ms | ActiveRecord: 0.0ms (0 queries, 0 cached) | GC: 0.0ms)


Started GET "/notes" for 127.0.0.1 at 2025-03-05 13:16:43 +0530
Processing by NotesController#index as HTML
  Rendering layout layouts/application.html.erb
  Rendering notes/index.html.erb within layouts/application
  [1m[36mNote Load (227.8ms)[0m  [1m[34mSELECT "notes".* FROM "notes" /*action='index',application='NoteApp',controller='notes'*/[0m
  ↳ app/views/notes/index.html.erb:8
  Rendered notes/index.html.erb within layouts/application (Duration: 237.4ms | GC: 0.0ms)
  Rendered layout layouts/application.html.erb (Duration: 416.2ms | GC: 0.0ms)
Completed 200 OK in 1680ms (Views: 187.6ms | ActiveRecord: 235.9ms (1 query, 0 cached) | GC: 0.0ms)


Started GET "/assets/turbo.min-1262d735.js" for 127.0.0.1 at 2025-03-05 13:16:45 +0530
Started GET "/notes/new" for 127.0.0.1 at 2025-03-05 13:16:47 +0530
Processing by NotesController#new as HTML
  Rendering layout layouts/application.html.erb
  Rendering notes/new.html.erb within layouts/application
Started GET "/notes/new" for 127.0.0.1 at 2025-03-05 13:16:48 +0530
  Rendered notes/_form.html.erb (Duration: 288.6ms | GC: 0.0ms)
  Rendered notes/new.html.erb within layouts/application (Duration: 293.1ms | GC: 0.0ms)
  Rendered layout layouts/application.html.erb (Duration: 295.4ms | GC: 0.0ms)
Completed 200 OK in 1397ms (Views: 296.4ms | ActiveRecord: 23.1ms (0 queries, 0 cached) | GC: 0.2ms)


Processing by NotesController#new as HTML
  Rendering layout layouts/application.html.erb
  Rendering notes/new.html.erb within layouts/application
  Rendered notes/_form.html.erb (Duration: 2.2ms | GC: 0.0ms)
  Rendered notes/new.html.erb within layouts/application (Duration: 3.1ms | GC: 0.0ms)
  Rendered layout layouts/application.html.erb (Duration: 4.9ms | GC: 0.0ms)
Completed 200 OK in 1159ms (Views: 5.8ms | ActiveRecord: 0.0ms (0 queries, 0 cached) | GC: 0.0ms)


Started POST "/notes" for 127.0.0.1 at 2025-03-05 13:17:05 +0530
Processing by NotesController#create as TURBO_STREAM
  Parameters: {"authenticity_token"=>"[FILTERED]", "note"=>{"title"=>"hello", "content"=>"not like us"}, "commit"=>"Create Note"}
  [1m[36mTRANSACTION (1.3ms)[0m  [1m[35mBEGIN /*action='create',application='NoteApp',controller='notes'*/[0m
  ↳ app/controllers/notes_controller.rb:27:in `block in create'
  [1m[36mNote Create (16.9ms)[0m  [1m[32mINSERT INTO "notes" ("title", "content", "created_at", "updated_at") VALUES ('hello', 'not like us', '2025-03-05 07:47:06.121495', '2025-03-05 07:47:06.121495') RETURNING "id" /*action='create',application='NoteApp',controller='notes'*/[0m
  ↳ app/controllers/notes_controller.rb:27:in `block in create'
  [1m[36mTRANSACTION (1.2ms)[0m  [1m[35mCOMMIT /*action='create',application='NoteApp',controller='notes'*/[0m
  ↳ app/controllers/notes_controller.rb:27:in `block in create'
Redirected to http://127.0.0.1:3000/notes/1
Completed 302 Found in 913ms (ActiveRecord: 19.3ms (1 query, 0 cached) | GC: 0.0ms)


Started GET "/notes/1" for 127.0.0.1 at 2025-03-05 13:17:06 +0530
Processing by NotesController#show as TURBO_STREAM
  Parameters: {"id"=>"1"}
  [1m[36mNote Load (0.8ms)[0m  [1m[34mSELECT "notes".* FROM "notes" WHERE "notes"."id" = 1 LIMIT 1 /*action='show',application='NoteApp',controller='notes'*/[0m
  ↳ app/controllers/notes_controller.rb:63:in `set_note'
  Rendering layout layouts/application.html.erb
  Rendering notes/show.html.erb within layouts/application
  Rendered notes/_note.html.erb (Duration: 1.0ms | GC: 0.0ms)
  Rendered notes/show.html.erb within layouts/application (Duration: 17.6ms | GC: 0.0ms)
  Rendered layout layouts/application.html.erb (Duration: 19.4ms | GC: 0.0ms)
Completed 200 OK in 852ms (Views: 20.5ms | ActiveRecord: 0.8ms (1 query, 0 cached) | GC: 0.0ms)


Started GET "/notes" for 127.0.0.1 at 2025-03-05 13:17:08 +0530
Processing by NotesController#index as HTML
  Rendering layout layouts/application.html.erb
  Rendering notes/index.html.erb within layouts/application
  [1m[36mNote Load (0.8ms)[0m  [1m[34mSELECT "notes".* FROM "notes" /*action='index',application='NoteApp',controller='notes'*/[0m
  ↳ app/views/notes/index.html.erb:8
  Rendered notes/_note.html.erb (Duration: 0.1ms | GC: 0.0ms)
  Rendered notes/index.html.erb within layouts/application (Duration: 4.9ms | GC: 0.0ms)
  Rendered layout layouts/application.html.erb (Duration: 7.1ms | GC: 0.0ms)
Completed 200 OK in 902ms (Views: 7.3ms | ActiveRecord: 0.7ms (1 query, 0 cached) | GC: 0.0ms)


Started GET "/notes/1/edit" for 127.0.0.1 at 2025-03-05 13:17:10 +0530
Processing by NotesController#edit as HTML
  Parameters: {"id"=>"1"}
  [1m[36mNote Load (1.1ms)[0m  [1m[34mSELECT "notes".* FROM "notes" WHERE "notes"."id" = 1 LIMIT 1 /*action='edit',application='NoteApp',controller='notes'*/[0m
  ↳ app/controllers/notes_controller.rb:63:in `set_note'
  Rendering layout layouts/application.html.erb
  Rendering notes/edit.html.erb within layouts/application
  Rendered notes/_form.html.erb (Duration: 1.6ms | GC: 0.0ms)
  Rendered notes/edit.html.erb within layouts/application (Duration: 4.2ms | GC: 0.0ms)
  Rendered layout layouts/application.html.erb (Duration: 6.2ms | GC: 0.0ms)
Completed 200 OK in 717ms (Views: 7.2ms | ActiveRecord: 1.0ms (1 query, 0 cached) | GC: 0.0ms)


Started GET "/notes/1/edit" for 127.0.0.1 at 2025-03-05 13:17:12 +0530
Processing by NotesController#edit as HTML
  Parameters: {"id"=>"1"}
  [1m[36mNote Load (0.8ms)[0m  [1m[34mSELECT "notes".* FROM "notes" WHERE "notes"."id" = 1 LIMIT 1 /*action='edit',application='NoteApp',controller='notes'*/[0m
  ↳ app/controllers/notes_controller.rb:63:in `set_note'
  Rendering layout layouts/application.html.erb
  Rendering notes/edit.html.erb within layouts/application
  Rendered notes/_form.html.erb (Duration: 1.3ms | GC: 0.0ms)
  Rendered notes/edit.html.erb within layouts/application (Duration: 2.9ms | GC: 0.0ms)
  Rendered layout layouts/application.html.erb (Duration: 4.6ms | GC: 0.0ms)
Completed 200 OK in 881ms (Views: 5.5ms | ActiveRecord: 0.8ms (1 query, 0 cached) | GC: 0.0ms)


Started GET "/notes/1/edit" for 127.0.0.1 at 2025-03-05 13:17:13 +0530
Processing by NotesController#edit as HTML
  Parameters: {"id"=>"1"}
  [1m[36mNote Load (1.0ms)[0m  [1m[34mSELECT "notes".* FROM "notes" WHERE "notes"."id" = 1 LIMIT 1 /*action='edit',application='NoteApp',controller='notes'*/[0m
  ↳ app/controllers/notes_controller.rb:63:in `set_note'
  Rendering layout layouts/application.html.erb
  Rendering notes/edit.html.erb within layouts/application
  Rendered notes/_form.html.erb (Duration: 2.2ms | GC: 0.0ms)
  Rendered notes/edit.html.erb within layouts/application (Duration: 3.3ms | GC: 0.0ms)
  Rendered layout layouts/application.html.erb (Duration: 4.8ms | GC: 0.0ms)
Completed 200 OK in 859ms (Views: 5.6ms | ActiveRecord: 0.9ms (1 query, 0 cached) | GC: 0.0ms)


Started PATCH "/notes/1" for 127.0.0.1 at 2025-03-05 13:17:17 +0530
Processing by NotesController#update as TURBO_STREAM
  Parameters: {"authenticity_token"=>"[FILTERED]", "note"=>{"title"=>"hello", "content"=>"not like us"}, "commit"=>"Update Note", "id"=>"1"}
  [1m[36mNote Load (0.8ms)[0m  [1m[34mSELECT "notes".* FROM "notes" WHERE "notes"."id" = 1 LIMIT 1 /*action='update',application='NoteApp',controller='notes'*/[0m
  ↳ app/controllers/notes_controller.rb:63:in `set_note'
Redirected to http://127.0.0.1:3000/notes/1
Completed 302 Found in 674ms (ActiveRecord: 0.8ms (1 query, 0 cached) | GC: 0.0ms)


Started GET "/notes/1" for 127.0.0.1 at 2025-03-05 13:17:18 +0530
Processing by NotesController#show as TURBO_STREAM
  Parameters: {"id"=>"1"}
  [1m[36mNote Load (0.8ms)[0m  [1m[34mSELECT "notes".* FROM "notes" WHERE "notes"."id" = 1 LIMIT 1 /*action='show',application='NoteApp',controller='notes'*/[0m
  ↳ app/controllers/notes_controller.rb:63:in `set_note'
  Rendering layout layouts/application.html.erb
  Rendering notes/show.html.erb within layouts/application
  Rendered notes/_note.html.erb (Duration: 0.1ms | GC: 0.0ms)
  Rendered notes/show.html.erb within layouts/application (Duration: 1.9ms | GC: 0.0ms)
  Rendered layout layouts/application.html.erb (Duration: 3.3ms | GC: 0.0ms)
Completed 200 OK in 864ms (Views: 4.0ms | ActiveRecord: 0.7ms (1 query, 0 cached) | GC: 0.0ms)


Started DELETE "/notes/1" for 127.0.0.1 at 2025-03-05 13:17:24 +0530
Processing by NotesController#destroy as TURBO_STREAM
  Parameters: {"authenticity_token"=>"[FILTERED]", "id"=>"1"}
  [1m[36mNote Load (1.0ms)[0m  [1m[34mSELECT "notes".* FROM "notes" WHERE "notes"."id" = 1 LIMIT 1 /*action='destroy',application='NoteApp',controller='notes'*/[0m
  ↳ app/controllers/notes_controller.rb:63:in `set_note'
  [1m[36mTRANSACTION (0.5ms)[0m  [1m[35mBEGIN /*action='destroy',application='NoteApp',controller='notes'*/[0m
  ↳ app/controllers/notes_controller.rb:52:in `destroy'
  [1m[36mNote Destroy (7.9ms)[0m  [1m[31mDELETE FROM "notes" WHERE "notes"."id" = 1 /*action='destroy',application='NoteApp',controller='notes'*/[0m
  ↳ app/controllers/notes_controller.rb:52:in `destroy'
  [1m[36mTRANSACTION (0.7ms)[0m  [1m[35mCOMMIT /*action='destroy',application='NoteApp',controller='notes'*/[0m
  ↳ app/controllers/notes_controller.rb:52:in `destroy'
Redirected to http://127.0.0.1:3000/notes
Completed 303 See Other in 719ms (ActiveRecord: 9.9ms (2 queries, 0 cached) | GC: 0.0ms)


Started GET "/notes" for 127.0.0.1 at 2025-03-05 13:17:25 +0530
Processing by NotesController#index as TURBO_STREAM
Started GET "/notes" for 127.0.0.1 at 2025-03-05 13:17:25 +0530
Processing by NotesController#index as HTML
  Rendering layout layouts/application.html.erb
  Rendering notes/index.html.erb within layouts/application
  [1m[36mNote Load (0.9ms)[0m  [1m[34mSELECT "notes".* FROM "notes" /*action='index',application='NoteApp',controller='notes'*/[0m
  ↳ app/views/notes/index.html.erb:8
  Rendered notes/index.html.erb within layouts/application (Duration: 6.1ms | GC: 0.0ms)
  Rendered layout layouts/application.html.erb (Duration: 10.9ms | GC: 0.0ms)
Completed 200 OK in 1251ms (Views: 11.5ms | ActiveRecord: 0.9ms (1 query, 0 cached) | GC: 0.0ms)


  Rendering layout layouts/application.html.erb
  Rendering notes/index.html.erb within layouts/application
  [1m[36mNote Load (0.6ms)[0m  [1m[34mSELECT "notes".* FROM "notes" /*action='index',application='NoteApp',controller='notes'*/[0m
  ↳ app/views/notes/index.html.erb:8
  Rendered notes/index.html.erb within layouts/application (Duration: 6.0ms | GC: 0.0ms)
  Rendered layout layouts/application.html.erb (Duration: 7.3ms | GC: 0.0ms)
Completed 200 OK in 1163ms (Views: 7.4ms | ActiveRecord: 0.6ms (1 query, 0 cached) | GC: 0.0ms)


Started GET "/notes/new" for 127.0.0.1 at 2025-03-05 13:17:31 +0530
Processing by NotesController#new as HTML
  Rendering layout layouts/application.html.erb
  Rendering notes/new.html.erb within layouts/application
  Rendered notes/_form.html.erb (Duration: 2.0ms | GC: 0.0ms)
  Rendered notes/new.html.erb within layouts/application (Duration: 3.6ms | GC: 0.0ms)
  Rendered layout layouts/application.html.erb (Duration: 6.5ms | GC: 0.0ms)
Completed 200 OK in 818ms (Views: 7.6ms | ActiveRecord: 0.0ms (0 queries, 0 cached) | GC: 0.0ms)


Started GET "/" for 127.0.0.1 at 2025-03-05 13:34:59 +0530
  [1m[36mActiveRecord::SchemaMigration Load (3.7ms)[0m  [1m[34mSELECT "schema_migrations"."version" FROM "schema_migrations" ORDER BY "schema_migrations"."version" ASC /*application='NoteApp'*/[0m
Processing by Rails::WelcomeController#index as HTML
  Rendering D:/Rubys/Ruby33-x64/lib/ruby/gems/3.3.0/gems/railties-8.0.1/lib/rails/templates/rails/welcome/index.html.erb
  Rendered D:/Rubys/Ruby33-x64/lib/ruby/gems/3.3.0/gems/railties-8.0.1/lib/rails/templates/rails/welcome/index.html.erb (Duration: 1.0ms | GC: 0.0ms)
Completed 200 OK in 1045ms (Views: 9.4ms | ActiveRecord: 0.0ms (0 queries, 0 cached) | GC: 0.0ms)


Started GET "/notes" for 127.0.0.1 at 2025-03-05 13:35:07 +0530
Processing by NotesController#index as HTML
  Rendering layout layouts/application.html.erb
  Rendering notes/index.html.erb within layouts/application
  [1m[36mNote Load (112.9ms)[0m  [1m[34mSELECT "notes".* FROM "notes" /*action='index',application='NoteApp',controller='notes'*/[0m
  ↳ app/views/notes/index.html.erb:8
  Rendered notes/index.html.erb within layouts/application (Duration: 136.7ms | GC: 0.0ms)
  Rendered layout layouts/application.html.erb (Duration: 163.2ms | GC: 0.0ms)
Completed 200 OK in 697ms (Views: 48.4ms | ActiveRecord: 120.6ms (1 query, 0 cached) | GC: 0.0ms)


Started GET "/notes/new" for 127.0.0.1 at 2025-03-05 13:35:09 +0530
Processing by NotesController#new as HTML
  Rendering layout layouts/application.html.erb
  Rendering notes/new.html.erb within layouts/application
  Rendered notes/_form.html.erb (Duration: 9.5ms | GC: 0.0ms)
  Rendered notes/new.html.erb within layouts/application (Duration: 13.7ms | GC: 0.0ms)
  Rendered layout layouts/application.html.erb (Duration: 15.7ms | GC: 0.0ms)
Completed 200 OK in 522ms (Views: 16.6ms | ActiveRecord: 35.1ms (0 queries, 0 cached) | GC: 0.0ms)


Started POST "/notes" for 127.0.0.1 at 2025-03-05 13:35:14 +0530
Processing by NotesController#create as TURBO_STREAM
  Parameters: {"authenticity_token"=>"[FILTERED]", "note"=>{"title"=>"hhh", "content"=>"hhh"}, "commit"=>"Create Note"}
  [1m[36mTRANSACTION (1.8ms)[0m  [1m[35mBEGIN /*action='create',application='NoteApp',controller='notes'*/[0m
  ↳ app/controllers/notes_controller.rb:27:in `block in create'
  [1m[36mNote Create (31.7ms)[0m  [1m[32mINSERT INTO "notes" ("title", "content", "created_at", "updated_at") VALUES ('hhh', 'hhh', '2025-03-05 08:05:15.186427', '2025-03-05 08:05:15.186427') RETURNING "id" /*action='create',application='NoteApp',controller='notes'*/[0m
  ↳ app/controllers/notes_controller.rb:27:in `block in create'
  [1m[36mTRANSACTION (1.4ms)[0m  [1m[35mCOMMIT /*action='create',application='NoteApp',controller='notes'*/[0m
  ↳ app/controllers/notes_controller.rb:27:in `block in create'
Redirected to http://127.0.0.1:3000/notes/2
Completed 302 Found in 487ms (ActiveRecord: 34.8ms (1 query, 0 cached) | GC: 0.0ms)


Started GET "/notes/2" for 127.0.0.1 at 2025-03-05 13:35:15 +0530
Processing by NotesController#show as TURBO_STREAM
  Parameters: {"id"=>"2"}
  [1m[36mNote Load (0.8ms)[0m  [1m[34mSELECT "notes".* FROM "notes" WHERE "notes"."id" = 2 LIMIT 1 /*action='show',application='NoteApp',controller='notes'*/[0m
  ↳ app/controllers/notes_controller.rb:63:in `set_note'
  Rendering layout layouts/application.html.erb
  Rendering notes/show.html.erb within layouts/application
  Rendered notes/_note.html.erb (Duration: 0.5ms | GC: 0.0ms)
  Rendered notes/show.html.erb within layouts/application (Duration: 6.3ms | GC: 0.0ms)
  Rendered layout layouts/application.html.erb (Duration: 8.2ms | GC: 0.0ms)
Completed 200 OK in 508ms (Views: 9.1ms | ActiveRecord: 0.8ms (1 query, 0 cached) | GC: 0.0ms)


Started GET "/notes" for 127.0.0.1 at 2025-03-05 13:37:36 +0530
Processing by NotesController#index as HTML
  Rendering layout layouts/application.html.erb
  Rendering notes/index.html.erb within layouts/application
  [1m[36mNote Load (1.0ms)[0m  [1m[34mSELECT "notes".* FROM "notes" /*action='index',application='NoteApp',controller='notes'*/[0m
  ↳ app/views/notes/index.html.erb:8
  Rendered notes/_note.html.erb (Duration: 0.2ms | GC: 0.0ms)
  Rendered notes/index.html.erb within layouts/application (Duration: 6.9ms | GC: 0.0ms)
  Rendered layout layouts/application.html.erb (Duration: 9.3ms | GC: 0.0ms)
Completed 200 OK in 470ms (Views: 9.2ms | ActiveRecord: 1.0ms (1 query, 0 cached) | GC: 0.0ms)


Started GET "/notes/new" for 127.0.0.1 at 2025-03-05 13:37:38 +0530
Processing by NotesController#new as HTML
  Rendering layout layouts/application.html.erb
  Rendering notes/new.html.erb within layouts/application
  Rendered notes/_form.html.erb (Duration: 1.3ms | GC: 0.0ms)
  Rendered notes/new.html.erb within layouts/application (Duration: 2.6ms | GC: 0.0ms)
  Rendered layout layouts/application.html.erb (Duration: 4.7ms | GC: 0.0ms)
Completed 200 OK in 451ms (Views: 5.5ms | ActiveRecord: 0.0ms (0 queries, 0 cached) | GC: 0.0ms)


Started GET "/notes" for 127.0.0.1 at 2025-03-05 13:37:41 +0530
Processing by NotesController#index as HTML
  Rendering layout layouts/application.html.erb
  Rendering notes/index.html.erb within layouts/application
  [1m[36mNote Load (0.5ms)[0m  [1m[34mSELECT "notes".* FROM "notes" /*action='index',application='NoteApp',controller='notes'*/[0m
  ↳ app/views/notes/index.html.erb:8
  Rendered notes/_note.html.erb (Duration: 0.1ms | GC: 0.0ms)
  Rendered notes/index.html.erb within layouts/application (Duration: 5.8ms | GC: 0.0ms)
  Rendered layout layouts/application.html.erb (Duration: 7.8ms | GC: 0.0ms)
Completed 200 OK in 464ms (Views: 8.3ms | ActiveRecord: 0.5ms (1 query, 0 cached) | GC: 0.0ms)


Started GET "/notes/new" for 127.0.0.1 at 2025-03-05 13:37:42 +0530
Processing by NotesController#new as HTML
  Rendering layout layouts/application.html.erb
  Rendering notes/new.html.erb within layouts/application
  Rendered notes/_form.html.erb (Duration: 1.0ms | GC: 0.0ms)
  Rendered notes/new.html.erb within layouts/application (Duration: 2.3ms | GC: 0.0ms)
  Rendered layout layouts/application.html.erb (Duration: 3.9ms | GC: 0.0ms)
Completed 200 OK in 457ms (Views: 4.9ms | ActiveRecord: 0.0ms (0 queries, 0 cached) | GC: 0.0ms)


Started GET "/notes" for 127.0.0.1 at 2025-03-05 13:37:45 +0530
Processing by NotesController#index as HTML
  Rendering layout layouts/application.html.erb
  Rendering notes/index.html.erb within layouts/application
  [1m[36mNote Load (0.5ms)[0m  [1m[34mSELECT "notes".* FROM "notes" /*action='index',application='NoteApp',controller='notes'*/[0m
  ↳ app/views/notes/index.html.erb:8
  Rendered notes/_note.html.erb (Duration: 0.1ms | GC: 0.0ms)
  Rendered notes/index.html.erb within layouts/application (Duration: 5.1ms | GC: 0.0ms)
  Rendered layout layouts/application.html.erb (Duration: 6.8ms | GC: 0.0ms)
Completed 200 OK in 458ms (Views: 6.8ms | ActiveRecord: 0.5ms (1 query, 0 cached) | GC: 0.0ms)


Started GET "/notes/new" for 127.0.0.1 at 2025-03-05 13:37:46 +0530
Processing by NotesController#new as HTML
  Rendering layout layouts/application.html.erb
  Rendering notes/new.html.erb within layouts/application
  Rendered notes/_form.html.erb (Duration: 2.2ms | GC: 0.0ms)
  Rendered notes/new.html.erb within layouts/application (Duration: 4.0ms | GC: 0.0ms)
  Rendered layout layouts/application.html.erb (Duration: 6.1ms | GC: 0.0ms)
Completed 200 OK in 446ms (Views: 6.7ms | ActiveRecord: 0.0ms (0 queries, 0 cached) | GC: 0.0ms)


Started GET "/notes" for 127.0.0.1 at 2025-03-05 13:38:03 +0530
Processing by NotesController#index as HTML
  Rendering layout layouts/application.html.erb
  Rendering notes/index.html.erb within layouts/application
  [1m[36mNote Load (0.5ms)[0m  [1m[34mSELECT "notes".* FROM "notes" /*action='index',application='NoteApp',controller='notes'*/[0m
  ↳ app/views/notes/index.html.erb:8
  Rendered notes/_note.html.erb (Duration: 0.1ms | GC: 0.0ms)
  Rendered notes/index.html.erb within layouts/application (Duration: 4.7ms | GC: 0.0ms)
  Rendered layout layouts/application.html.erb (Duration: 6.4ms | GC: 0.0ms)
Completed 200 OK in 459ms (Views: 8.5ms | ActiveRecord: 0.5ms (1 query, 0 cached) | GC: 0.0ms)


Started GET "/notes/new" for 127.0.0.1 at 2025-03-05 13:38:05 +0530
Processing by NotesController#new as HTML
  Rendering layout layouts/application.html.erb
  Rendering notes/new.html.erb within layouts/application
  Rendered notes/_form.html.erb (Duration: 1.1ms | GC: 0.0ms)
  Rendered notes/new.html.erb within layouts/application (Duration: 2.4ms | GC: 0.0ms)
  Rendered layout layouts/application.html.erb (Duration: 4.3ms | GC: 0.0ms)
Completed 200 OK in 460ms (Views: 5.1ms | ActiveRecord: 0.0ms (0 queries, 0 cached) | GC: 0.0ms)


Started GET "/notes" for 127.0.0.1 at 2025-03-05 13:38:12 +0530
Processing by NotesController#index as HTML
Started GET "/notes" for 127.0.0.1 at 2025-03-05 13:38:12 +0530
  Rendering layout layouts/application.html.erb
  Rendering notes/index.html.erb within layouts/application
  [1m[36mNote Load (0.6ms)[0m  [1m[34mSELECT "notes".* FROM "notes" /*action='index',application='NoteApp',controller='notes'*/[0m
  ↳ app/views/notes/index.html.erb:8
  Rendered notes/_note.html.erb (Duration: 0.1ms | GC: 0.0ms)
  Rendered notes/index.html.erb within layouts/application (Duration: 7.7ms | GC: 0.0ms)
  Rendered layout layouts/application.html.erb (Duration: 10.3ms | GC: 0.0ms)
Completed 200 OK in 487ms (Views: 10.8ms | ActiveRecord: 0.6ms (1 query, 0 cached) | GC: 0.0ms)


Processing by NotesController#index as HTML
  Rendering layout layouts/application.html.erb
  Rendering notes/index.html.erb within layouts/application
  [1m[36mNote Load (0.6ms)[0m  [1m[34mSELECT "notes".* FROM "notes" /*action='index',application='NoteApp',controller='notes'*/[0m
  ↳ app/views/notes/index.html.erb:8
  Rendered notes/_note.html.erb (Duration: 0.1ms | GC: 0.0ms)
  Rendered notes/index.html.erb within layouts/application (Duration: 5.2ms | GC: 0.0ms)
  Rendered layout layouts/application.html.erb (Duration: 7.0ms | GC: 0.0ms)
Completed 200 OK in 485ms (Views: 7.0ms | ActiveRecord: 0.6ms (1 query, 0 cached) | GC: 0.0ms)


Started GET "/notes/2" for 127.0.0.1 at 2025-03-05 13:38:19 +0530
Processing by NotesController#show as HTML
  Parameters: {"id"=>"2"}
  [1m[36mNote Load (1.2ms)[0m  [1m[34mSELECT "notes".* FROM "notes" WHERE "notes"."id" = 2 LIMIT 1 /*action='show',application='NoteApp',controller='notes'*/[0m
  ↳ app/controllers/notes_controller.rb:63:in `set_note'
  Rendering layout layouts/application.html.erb
  Rendering notes/show.html.erb within layouts/application
  Rendered notes/_note.html.erb (Duration: 0.1ms | GC: 0.0ms)
  Rendered notes/show.html.erb within layouts/application (Duration: 2.0ms | GC: 0.0ms)
  Rendered layout layouts/application.html.erb (Duration: 3.5ms | GC: 0.0ms)
Completed 200 OK in 463ms (Views: 4.1ms | ActiveRecord: 1.2ms (1 query, 0 cached) | GC: 0.0ms)


Started GET "/notes/2/edit" for 127.0.0.1 at 2025-03-05 13:38:22 +0530
Processing by NotesController#edit as HTML
  Parameters: {"id"=>"2"}
Started GET "/notes" for 127.0.0.1 at 2025-03-05 13:38:22 +0530
Processing by NotesController#index as HTML
  [1m[36mNote Load (1.0ms)[0m  [1m[34mSELECT "notes".* FROM "notes" WHERE "notes"."id" = 2 LIMIT 1 /*action='edit',application='NoteApp',controller='notes'*/[0m
  ↳ app/controllers/notes_controller.rb:63:in `set_note'
  Rendering layout layouts/application.html.erb
  Rendering notes/edit.html.erb within layouts/application
  Rendered notes/_form.html.erb (Duration: 2.2ms | GC: 0.0ms)
  Rendered notes/edit.html.erb within layouts/application (Duration: 6.1ms | GC: 0.0ms)
  Rendered layout layouts/application.html.erb (Duration: 8.8ms | GC: 0.0ms)
Completed 200 OK in 654ms (Views: 10.0ms | ActiveRecord: 1.0ms (1 query, 0 cached) | GC: 0.0ms)


  Rendering layout layouts/application.html.erb
  Rendering notes/index.html.erb within layouts/application
  [1m[36mNote Load (0.5ms)[0m  [1m[34mSELECT "notes".* FROM "notes" /*action='index',application='NoteApp',controller='notes'*/[0m
  ↳ app/views/notes/index.html.erb:8
  Rendered notes/_note.html.erb (Duration: 0.1ms | GC: 0.0ms)
  Rendered notes/index.html.erb within layouts/application (Duration: 4.7ms | GC: 0.0ms)
  Rendered layout layouts/application.html.erb (Duration: 6.1ms | GC: 0.0ms)
Completed 200 OK in 642ms (Views: 6.4ms | ActiveRecord: 0.5ms (1 query, 0 cached) | GC: 0.0ms)


Started GET "/" for 127.0.0.1 at 2025-03-05 13:59:42 +0530
  [1m[36mActiveRecord::SchemaMigration Load (15.0ms)[0m  [1m[34mSELECT "schema_migrations"."version" FROM "schema_migrations" ORDER BY "schema_migrations"."version" ASC /*application='NoteApp'*/[0m
Processing by Rails::WelcomeController#index as HTML
  Rendering D:/Rubys/Ruby33-x64/lib/ruby/gems/3.3.0/gems/railties-8.0.1/lib/rails/templates/rails/welcome/index.html.erb
  Rendered D:/Rubys/Ruby33-x64/lib/ruby/gems/3.3.0/gems/railties-8.0.1/lib/rails/templates/rails/welcome/index.html.erb (Duration: 2.7ms | GC: 0.0ms)
Completed 200 OK in 5598ms (Views: 127.6ms | ActiveRecord: 0.0ms (0 queries, 0 cached) | GC: 0.0ms)


Started GET "/notes" for 127.0.0.1 at 2025-03-05 14:00:00 +0530
Processing by NotesController#index as HTML
  Rendering layout layouts/application.html.erb
  Rendering notes/index.html.erb within layouts/application
  [1m[36mNote Load (489.7ms)[0m  [1m[34mSELECT "notes".* FROM "notes" /*action='index',application='NoteApp',controller='notes'*/[0m
  ↳ app/views/notes/index.html.erb:8
  Rendered notes/_note.html.erb (Duration: 2.1ms | GC: 0.0ms)
  Rendered notes/index.html.erb within layouts/application (Duration: 666.5ms | GC: 0.0ms)
  Rendered layout layouts/application.html.erb (Duration: 884.0ms | GC: 0.0ms)
Completed 200 OK in 4926ms (Views: 222.3ms | ActiveRecord: 704.9ms (1 query, 0 cached) | GC: 0.0ms)


